[15:44:05] 서버 데몬 프로세스 시작
[15:44:05] CDS 센서 라이브러리 로드됨 (SENSOR_ON 명령으로 모니터링 시작 가능)
[15:45:57] 서버 데몬 프로세스 시작
[15:45:57] CDS 센서 라이브러리 로드됨 (SENSOR_ON 명령으로 모니터링 시작 가능)
[15:47:45] 서버 데몬 프로세스 시작
[15:47:45] CDS 센서 라이브러리 로드됨 (SENSOR_ON 명령으로 모니터링 시작 가능)
[15:47:46] 서버 데몬 프로세스 시작
[15:47:46] CDS 센서 라이브러리 로드됨 (SENSOR_ON 명령으로 모니터링 시작 가능)
[15:47:47] 서버 데몬 프로세스 시작
[15:47:47] CDS 센서 라이브러리 로드됨 (SENSOR_ON 명령으로 모니터링 시작 가능)
[15:47:48] 서버 데몬 프로세스 시작
[15:47:48] CDS 센서 라이브러리 로드됨 (SENSOR_ON 명령으로 모니터링 시작 가능)
[15:50:29] 서버 데몬 프로세스 시작
[15:50:29] CDS 센서 라이브러리 로드됨 (SENSOR_ON 명령으로 모니터링 시작 가능)
[15:50:29] 서버가 포트 8080에서 대기 중...
[15:50:38] 클라이언트 연결됨: 127.0.0.1:45660
[15:50:39] 수신된 메시지: LED_ON

[15:52:17] 서버 데몬 프로세스 시작
[15:52:17] CDS 센서 라이브러리 로드됨 (SENSOR_ON 명령으로 모니터링 시작 가능)
[15:52:17] 서버가 포트 8080에서 대기 중...
[15:52:30] 클라이언트 연결됨: 127.0.0.1:58696
[15:52:30] 수신된 메시지: LED_ON

[15:52:32] 수신된 메시지: LED_OFF

[15:52:34] 수신된 메시지: LED_BRIGHTNESS 2

[15:52:35] 수신된 메시지: BUZZER_ON

[15:52:35] 수신된 메시지: BUZZER_OFF

[15:52:36] 수신된 메시지: SENSOR_ON

[15:52:36] CDS 센서 모니터링 스레드 시작
[15:52:36] [CDS 모니터] 빛 감지됨 → LED OFF
[15:52:38] [CDS 모니터] 빛 없음 → LED ON
[15:52:38] [CDS 모니터] 빛 감지됨 → LED OFF
[15:52:38] [CDS 모니터] 빛 없음 → LED ON
[15:52:38] [CDS 모니터] 빛 감지됨 → LED OFF
[15:52:44] [CDS 모니터] 빛 없음 → LED ON
[15:52:44] [CDS 모니터] 빛 감지됨 → LED OFF
[15:52:44] [CDS 모니터] 빛 없음 → LED ON
[15:52:44] [CDS 모니터] 빛 감지됨 → LED OFF
[15:52:45] [CDS 모니터] 빛 없음 → LED ON
[15:52:46] [CDS 모니터] 빛 감지됨 → LED OFF
[15:52:52] 수신된 메시지: SENSOR_OFF

[15:52:52] CDS 센서 모니터링 스레드 종료
[15:52:52] CDS 센서 모니터링 완전히 종료됨
[15:52:58] 수신된 메시지: SEGMENT_DISPLAY 8

[15:53:11] 수신된 메시지: SEGMENT_COUNTDOWN 9

[15:53:11] 7SEG 카운트다운 스레드 시작: 9부터 시작
[15:53:20] 7SEG 카운트다운 스레드 종료
[15:53:24] 수신된 메시지: BUZZER_OFF

[15:53:26] 수신된 메시지: SENSOR_ON

[15:53:26] CDS 센서 모니터링 스레드 시작
[15:53:26] [CDS 모니터] 빛 감지됨 → LED OFF
[15:53:27] [CDS 모니터] 빛 없음 → LED ON
[15:53:27] [CDS 모니터] 빛 감지됨 → LED OFF
[15:53:28] [CDS 모니터] 빛 없음 → LED ON
[15:53:28] [CDS 모니터] 빛 감지됨 → LED OFF
[15:53:41] [CDS 모니터] 빛 없음 → LED ON
[15:53:41] [CDS 모니터] 빛 감지됨 → LED OFF
[15:53:41] [CDS 모니터] 빛 없음 → LED ON
[15:53:42] [CDS 모니터] 빛 감지됨 → LED OFF
[15:53:47] [CDS 모니터] 빛 없음 → LED ON
[15:53:47] [CDS 모니터] 빛 감지됨 → LED OFF
[15:53:48] [CDS 모니터] 빛 없음 → LED ON
[15:53:48] [CDS 모니터] 빛 감지됨 → LED OFF
[15:53:50] [CDS 모니터] 빛 없음 → LED ON
[15:53:50] [CDS 모니터] 빛 감지됨 → LED OFF
[15:53:50] [CDS 모니터] 빛 없음 → LED ON
[15:53:50] [CDS 모니터] 빛 감지됨 → LED OFF
[15:53:53] [CDS 모니터] 빛 없음 → LED ON
[15:53:53] [CDS 모니터] 빛 감지됨 → LED OFF
[15:53:53] [CDS 모니터] 빛 없음 → LED ON
[15:53:53] [CDS 모니터] 빛 감지됨 → LED OFF
[15:53:53] [CDS 모니터] 빛 없음 → LED ON
[15:53:53] [CDS 모니터] 빛 감지됨 → LED OFF
[15:54:01] 수신된 메시지: LED_ON

[15:54:03] 클라이언트 연결 종료: 127.0.0.1:58696
[15:54:46] 서버 데몬 프로세스 시작
[15:54:46] CDS 센서 라이브러리 로드됨 (SENSOR_ON 명령으로 모니터링 시작 가능)
[15:54:52] 서버 데몬 프로세스 시작
[15:54:52] CDS 센서 라이브러리 로드됨 (SENSOR_ON 명령으로 모니터링 시작 가능)
[15:56:52] 클라이언트 연결됨: 127.0.0.1:58676
[15:56:52] 수신된 메시지: LED_ON

[15:56:53] 수신된 메시지: LED_OFF

[15:56:54] 수신된 메시지: LED_ON

[15:57:10] 수신된 메시지: LED_ON

[15:57:11] 수신된 메시지: LED_ON

[15:57:11] 수신된 메시지: LED_OFF

[15:57:13] 클라이언트 연결 종료: 127.0.0.1:58676
[15:57:15] 클라이언트 연결됨: 127.0.0.1:56522
[15:57:16] 수신된 메시지: LED_ON

[15:57:18] 수신된 메시지: LED_OFF

[15:57:19] 수신된 메시지: LED_ON

[15:57:28] 서버 데몬 프로세스 시작
[15:57:28] CDS 센서 라이브러리 로드됨 (SENSOR_ON 명령으로 모니터링 시작 가능)
[16:01:01] 서버 데몬 프로세스 시작
[16:01:01] CDS 센서 라이브러리 로드됨 (SENSOR_ON 명령으로 모니터링 시작 가능)
[16:06:37] 수신된 메시지: LED_ON

[16:06:40] 클라이언트 연결 종료: 127.0.0.1:56522
[16:06:57] PID 파일 생성 완료: /home/physical-100/Veda_Project/exec/device_server.pid
[16:06:57] 서버 데몬 프로세스 시작
[16:06:57] CDS 센서 라이브러리 로드됨 (SENSOR_ON 명령으로 모니터링 시작 가능)
[16:07:04] 클라이언트 연결됨: 127.0.0.1:34644
[16:07:05] 수신된 메시지: LED_ON

[16:07:06] 수신된 메시지: LED_OFF

[16:07:11] 수신된 메시지: SENSOR_OFF

[16:07:11] CDS 센서 모니터링 스레드 종료
[16:07:11] CDS 센서 모니터링 완전히 종료됨
[16:07:12] 수신된 메시지: SENSOR_ON

[16:07:12] CDS 센서 모니터링 스레드 시작
[16:07:12] [CDS 모니터] 빛 감지됨 → LED OFF
[16:07:13] [CDS 모니터] 빛 없음 → LED ON
[16:07:13] [CDS 모니터] 빛 감지됨 → LED OFF
[16:07:13] [CDS 모니터] 빛 없음 → LED ON
[16:07:14] [CDS 모니터] 빛 감지됨 → LED OFF
[16:07:14] [CDS 모니터] 빛 없음 → LED ON
[16:07:15] [CDS 모니터] 빛 감지됨 → LED OFF
[16:07:16] [CDS 모니터] 빛 없음 → LED ON
[16:07:16] [CDS 모니터] 빛 감지됨 → LED OFF
[16:07:19] [CDS 모니터] 빛 없음 → LED ON
[16:07:19] [CDS 모니터] 빛 감지됨 → LED OFF
[16:07:24] 수신된 메시지: SENSOR_OFF

[16:07:24] CDS 센서 모니터링 스레드 종료
[16:07:24] CDS 센서 모니터링 완전히 종료됨
[16:07:28] 수신된 메시지: SEGMENT_DISPLAY 7

[16:07:32] 수신된 메시지: SEGMENT_COUNTDOWN 8

[16:07:32] 7SEG 카운트다운 스레드 시작: 8부터 시작
[16:07:41] 7SEG 카운트다운 스레드 종료
[16:07:57] 수신된 메시지: LED_OFF

[16:08:01] 수신된 메시지: LED_OFF

[16:08:02] 수신된 메시지: LED_ON

[16:08:03] 수신된 메시지: LED_OFF

[16:08:03] 수신된 메시지: LED_ON

[16:08:04] 수신된 메시지: LED_ON

[16:08:30] 수신된 메시지: LED_OFF

[16:08:31] 수신된 메시지: LED_ON

[16:08:32] 수신된 메시지: LED_OFF

[16:08:32] 수신된 메시지: LED_ON

[16:08:33] 수신된 메시지: LED_OFF

[16:09:13] 수신된 메시지: LED_ON

[16:09:14] 수신된 메시지: LED_OFF

[16:09:14] 수신된 메시지: LED_ON

[16:09:15] 수신된 메시지: LED_OFF

[16:09:58] PID 파일 생성 완료: /home/physical-100/Veda_Project/exec/device_server.pid
[16:09:58] 서버 데몬 프로세스 시작
[16:09:58] CDS 센서 라이브러리 로드됨 (SENSOR_ON 명령으로 모니터링 시작 가능)
[16:10:08] 수신된 메시지: LED_ON

[16:10:08] 수신된 메시지: LED_OFF

[16:10:09] 클라이언트 연결 종료: 127.0.0.1:34644
[16:10:11] 클라이언트 연결됨: 127.0.0.1:39080
[16:11:12] 서버 종료 중...
[16:13:52] PID 파일 생성 완료: /home/physical-100/Veda_Project/exec/device_server.pid
[16:13:52] 서버 데몬 프로세스 시작
[16:13:52] CDS 센서 라이브러리 로드됨 (SENSOR_ON 명령으로 모니터링 시작 가능)
[16:13:52] 서버가 포트 8080에서 대기 중...
[16:13:59] 클라이언트 연결됨: 127.0.0.1:35044
[16:14:00] 수신된 메시지: LED_ON

[16:14:01] 수신된 메시지: LED_OFF

[16:14:03] 수신된 메시지: LED_ON

[16:14:03] 수신된 메시지: LED_OFF

[16:14:04] 수신된 메시지: BUZZER_OFF

[16:14:06] 수신된 메시지: BUZZER_ON

[16:14:07] 수신된 메시지: BUZZER_OFF

[16:14:17] 서버 종료 중...
[16:14:33] PID 파일 생성 완료: /home/physical-100/Veda_Project/exec/device_server.pid
[16:14:33] 서버 데몬 프로세스 시작
[16:14:33] CDS 센서 라이브러리 로드됨 (SENSOR_ON 명령으로 모니터링 시작 가능)
[16:14:33] 서버가 포트 8080에서 대기 중...
[16:14:50] 클라이언트 연결됨: 127.0.0.1:47116
[16:14:54] 수신된 메시지: LED_BRIGHTNESS 1

[16:14:56] 수신된 메시지: LED_BRIGHTNESS 2

[16:14:58] 수신된 메시지: LED_ON

[16:14:59] 수신된 메시지: LED_OFF

[16:15:00] 클라이언트 연결 종료: 127.0.0.1:47116
[16:20:48] 서버 종료 중...
[16:20:49] PID 파일 생성 완료: /home/physical-100/Veda_Project/exec/device_server.pid
[16:20:49] 서버 데몬 프로세스 시작
[16:20:49] CDS 센서 라이브러리 로드됨 (SENSOR_ON 명령으로 모니터링 시작 가능)
[16:20:49] 서버가 포트 8080에서 대기 중...
[16:20:55] 클라이언트 연결됨: 127.0.0.1:44684
[16:20:56] 수신된 메시지: LED_ON

[16:20:56] 수신된 메시지: LED_OFF

[16:20:57] 수신된 메시지: LED_ON

[16:20:58] 수신된 메시지: LED_OFF

[16:21:09] 서버 종료 중...
